2021-12-11 20:18 Diyalog penceresi bulunamadi
2021-12-11 20:18 Diyalog penceresi bulunamadi
2021-12-11 20:18  Veri Giris Alanina Erisilemedi. Tekrar Deneniyor... 
2021-12-11 20:18  Veri Giris Alanina Erisilemedi. Tekrar Deneniyor... 
2021-12-11 20:21 Diyalog penceresi bulunamadi
2021-12-11 20:21 Diyalog penceresi bulunamadi
2021-12-11 20:21  Veri Giris Alanina Erisilemedi. Tekrar Deneniyor... 
2021-12-11 20:21  Veri Giris Alanina Erisilemedi. Tekrar Deneniyor... 
2021-12-11 20:22 Diyalog penceresi bulunamadi
2021-12-11 20:22 Diyalog penceresi bulunamadi
2021-12-11 20:22  Veri Giris Alanina Erisilemedi. Tekrar Deneniyor... 
2021-12-11 20:22  Veri Giris Alanina Erisilemedi. Tekrar Deneniyor... 
2021-12-11 20:24 Diyalog penceresi bulunamadi
2021-12-11 20:24 Diyalog penceresi bulunamadi
2021-12-11 20:24  Veri Giris Alanina Erisilemedi. Tekrar Deneniyor... 
2021-12-11 20:24  Veri Giris Alanina Erisilemedi. Tekrar Deneniyor... 
2021-12-11 20:25 Diyalog penceresi bulunamadi
2021-12-11 20:25 Diyalog penceresi bulunamadi
2021-12-11 20:25  Veri Giris Alanina Erisilemedi. Tekrar Deneniyor... 
2021-12-11 20:25  Veri Giris Alanina Erisilemedi. Tekrar Deneniyor... 
2021-12-11 20:30 Saat Bilgisi alindi: 21:00
2021-12-11 20:30 Saat Bilgisi alindi: 21:00
2021-12-11 20:30 Siradaki saat bekleniyor: 21:00
2021-12-11 20:30 Siradaki saat bekleniyor: 21:00
2021-12-11 20:30 Siradaki saat bekleniyor: 21:00
2021-12-11 20:30 Siradaki saat bekleniyor: 21:00
2021-12-11 20:31 Siradaki saat bekleniyor: 21:00
2021-12-11 20:31 Siradaki saat bekleniyor: 21:00
2021-12-11 20:31 Siradaki saat bekleniyor: 21:00
2021-12-11 20:31 Siradaki saat bekleniyor: 21:00
2021-12-11 20:31 Siradaki saat bekleniyor: 21:00
2021-12-11 20:31 Siradaki saat bekleniyor: 21:00
2021-12-11 20:32 Siradaki saat bekleniyor: 21:00
2021-12-11 20:32 Siradaki saat bekleniyor: 21:00
2021-12-11 20:32 Siradaki saat bekleniyor: 21:00
2021-12-11 20:32 Siradaki saat bekleniyor: 21:00
2021-12-11 20:32 Siradaki saat bekleniyor: 21:00
2021-12-11 20:32 Siradaki saat bekleniyor: 21:00
2021-12-11 20:33 Siradaki saat bekleniyor: 21:00
2021-12-11 20:33 Siradaki saat bekleniyor: 21:00
2021-12-11 20:33 Siradaki saat bekleniyor: 21:00
2021-12-11 20:33 Siradaki saat bekleniyor: 21:00
2021-12-11 20:33 Siradaki saat bekleniyor: 21:00
2021-12-11 20:33 Siradaki saat bekleniyor: 21:00
2021-12-11 20:34 Siradaki saat bekleniyor: 21:00
2021-12-11 20:34 Siradaki saat bekleniyor: 21:00
2021-12-11 20:34 Siradaki saat bekleniyor: 21:00
2021-12-11 20:34 Siradaki saat bekleniyor: 21:00
2021-12-11 20:34 Siradaki saat bekleniyor: 21:00
2021-12-11 20:34 Siradaki saat bekleniyor: 21:00
2021-12-11 20:35 Siradaki saat bekleniyor: 21:00
2021-12-11 20:35 Siradaki saat bekleniyor: 21:00
2021-12-11 20:35 Siradaki saat bekleniyor: 21:00
2021-12-11 20:35 Siradaki saat bekleniyor: 21:00
2021-12-11 20:35 Siradaki saat bekleniyor: 21:00
2021-12-11 20:35 Siradaki saat bekleniyor: 21:00
2021-12-11 20:36 Siradaki saat bekleniyor: 21:00
2021-12-11 20:36 Siradaki saat bekleniyor: 21:00
2021-12-11 20:36 Siradaki saat bekleniyor: 21:00
2021-12-11 20:36 Siradaki saat bekleniyor: 21:00
2021-12-11 20:36 Siradaki saat bekleniyor: 21:00
2021-12-11 20:36 Siradaki saat bekleniyor: 21:00
2021-12-11 20:37 Siradaki saat bekleniyor: 21:00
2021-12-11 20:37 Siradaki saat bekleniyor: 21:00
2021-12-11 20:37 Siradaki saat bekleniyor: 21:00
2021-12-11 20:37 Siradaki saat bekleniyor: 21:00
2021-12-11 20:37 Siradaki saat bekleniyor: 21:00
2021-12-11 20:37 Siradaki saat bekleniyor: 21:00
2021-12-11 20:38 Siradaki saat bekleniyor: 21:00
2021-12-11 20:38 Siradaki saat bekleniyor: 21:00
2021-12-11 20:38 Siradaki saat bekleniyor: 21:00
2021-12-11 20:38 Siradaki saat bekleniyor: 21:00
2021-12-11 20:38 Siradaki saat bekleniyor: 21:00
2021-12-11 20:38 Siradaki saat bekleniyor: 21:00
2021-12-11 20:39 Siradaki saat bekleniyor: 21:00
2021-12-11 20:39 Siradaki saat bekleniyor: 21:00
2021-12-11 20:39 Siradaki saat bekleniyor: 21:00
2021-12-11 20:39 Siradaki saat bekleniyor: 21:00
2021-12-11 20:39 Siradaki saat bekleniyor: 21:00
2021-12-11 20:39 Siradaki saat bekleniyor: 21:00
2021-12-11 20:40 Siradaki saat bekleniyor: 21:00
2021-12-11 20:40 Siradaki saat bekleniyor: 21:00
2021-12-11 20:40 Siradaki saat bekleniyor: 21:00
2021-12-11 20:40 Siradaki saat bekleniyor: 21:00
2021-12-11 20:40 Siradaki saat bekleniyor: 21:00
2021-12-11 20:40 Siradaki saat bekleniyor: 21:00
2021-12-11 20:41 Siradaki saat bekleniyor: 21:00
2021-12-11 20:41 Siradaki saat bekleniyor: 21:00
2021-12-11 20:41 Siradaki saat bekleniyor: 21:00
2021-12-11 20:41 Siradaki saat bekleniyor: 21:00
2021-12-11 20:41 Siradaki saat bekleniyor: 21:00
2021-12-11 20:41 Siradaki saat bekleniyor: 21:00
2021-12-11 20:42 Siradaki saat bekleniyor: 21:00
2021-12-11 20:42 Siradaki saat bekleniyor: 21:00
2021-12-11 20:42 Siradaki saat bekleniyor: 21:00
2021-12-11 20:42 Siradaki saat bekleniyor: 21:00
2021-12-11 20:42 Siradaki saat bekleniyor: 21:00
2021-12-11 20:42 Siradaki saat bekleniyor: 21:00
2021-12-11 20:43 Siradaki saat bekleniyor: 21:00
2021-12-11 20:43 Siradaki saat bekleniyor: 21:00
2021-12-11 20:43 Siradaki saat bekleniyor: 21:00
2021-12-11 20:43 Siradaki saat bekleniyor: 21:00
2021-12-11 20:43 Siradaki saat bekleniyor: 21:00
2021-12-11 20:43 Siradaki saat bekleniyor: 21:00
2021-12-11 20:44 Siradaki saat bekleniyor: 21:00
2021-12-11 20:44 Siradaki saat bekleniyor: 21:00
2021-12-11 20:44 Siradaki saat bekleniyor: 21:00
2021-12-11 20:44 Siradaki saat bekleniyor: 21:00
2021-12-11 20:44 Siradaki saat bekleniyor: 21:00
2021-12-11 20:44 Siradaki saat bekleniyor: 21:00
2021-12-11 20:45 Siradaki saat bekleniyor: 21:00
2021-12-11 20:45 Siradaki saat bekleniyor: 21:00
2021-12-11 20:45 Siradaki saat bekleniyor: 21:00
2021-12-11 20:45 Siradaki saat bekleniyor: 21:00
2021-12-11 20:45 Siradaki saat bekleniyor: 21:00
2021-12-11 20:45 Siradaki saat bekleniyor: 21:00
2021-12-11 20:46 Siradaki saat bekleniyor: 21:00
2021-12-11 20:46 Siradaki saat bekleniyor: 21:00
2021-12-11 20:46 Siradaki saat bekleniyor: 21:00
2021-12-11 20:46 Siradaki saat bekleniyor: 21:00
2021-12-11 20:46 Siradaki saat bekleniyor: 21:00
2021-12-11 20:46 Siradaki saat bekleniyor: 21:00
2021-12-11 20:47 Siradaki saat bekleniyor: 21:00
2021-12-11 20:47 Siradaki saat bekleniyor: 21:00
2021-12-11 20:47 Siradaki saat bekleniyor: 21:00
2021-12-11 20:47 Siradaki saat bekleniyor: 21:00
2021-12-11 20:47 Siradaki saat bekleniyor: 21:00
2021-12-11 20:47 Siradaki saat bekleniyor: 21:00
2021-12-11 20:48 Siradaki saat bekleniyor: 21:00
2021-12-11 20:48 Siradaki saat bekleniyor: 21:00
2021-12-11 20:48 Siradaki saat bekleniyor: 21:00
2021-12-11 20:48 Siradaki saat bekleniyor: 21:00
2021-12-11 20:48 Siradaki saat bekleniyor: 21:00
2021-12-11 20:48 Siradaki saat bekleniyor: 21:00
2021-12-11 20:49 Siradaki saat bekleniyor: 21:00
2021-12-11 20:49 Siradaki saat bekleniyor: 21:00
2021-12-11 20:49 Siradaki saat bekleniyor: 21:00
2021-12-11 20:49 Siradaki saat bekleniyor: 21:00
2021-12-11 20:49 Siradaki saat bekleniyor: 21:00
2021-12-11 20:49 Siradaki saat bekleniyor: 21:00
2021-12-11 20:50 Siradaki saat bekleniyor: 21:00
2021-12-11 20:50 Siradaki saat bekleniyor: 21:00
2021-12-11 20:50 Siradaki saat bekleniyor: 21:00
2021-12-11 20:50 Siradaki saat bekleniyor: 21:00
2021-12-11 20:50 Siradaki saat bekleniyor: 21:00
2021-12-11 20:50 Siradaki saat bekleniyor: 21:00
2021-12-11 20:51 Siradaki saat bekleniyor: 21:00
2021-12-11 20:51 Siradaki saat bekleniyor: 21:00
2021-12-11 20:51 Siradaki saat bekleniyor: 21:00
2021-12-11 20:51 Siradaki saat bekleniyor: 21:00
2021-12-11 20:51 Siradaki saat bekleniyor: 21:00
2021-12-11 20:51 Siradaki saat bekleniyor: 21:00
2021-12-11 20:52 Siradaki saat bekleniyor: 21:00
2021-12-11 20:52 Siradaki saat bekleniyor: 21:00
2021-12-11 20:52 Siradaki saat bekleniyor: 21:00
2021-12-11 20:52 Siradaki saat bekleniyor: 21:00
2021-12-11 20:52 Siradaki saat bekleniyor: 21:00
2021-12-11 20:52 Siradaki saat bekleniyor: 21:00
2021-12-11 20:53 Siradaki saat bekleniyor: 21:00
2021-12-11 20:53 Siradaki saat bekleniyor: 21:00
2021-12-11 20:53 Siradaki saat bekleniyor: 21:00
2021-12-11 20:53 Siradaki saat bekleniyor: 21:00
2021-12-11 20:53 Siradaki saat bekleniyor: 21:00
2021-12-11 20:53 Siradaki saat bekleniyor: 21:00
2021-12-11 20:54 Siradaki saat bekleniyor: 21:00
2021-12-11 20:54 Siradaki saat bekleniyor: 21:00
2021-12-11 20:54 Siradaki saat bekleniyor: 21:00
2021-12-11 20:54 Siradaki saat bekleniyor: 21:00
2021-12-11 20:54 Siradaki saat bekleniyor: 21:00
2021-12-11 20:54 Siradaki saat bekleniyor: 21:00
2021-12-11 20:55 Siradaki saat bekleniyor: 21:00
2021-12-11 20:55 Siradaki saat bekleniyor: 21:00
2021-12-11 20:55 Siradaki saat bekleniyor: 21:00
2021-12-11 20:55 Siradaki saat bekleniyor: 21:00
2021-12-11 20:55 Siradaki saat bekleniyor: 21:00
2021-12-11 20:55 Siradaki saat bekleniyor: 21:00
2021-12-11 20:56 Siradaki saat bekleniyor: 21:00
2021-12-11 20:56 Siradaki saat bekleniyor: 21:00
2021-12-11 20:56 Siradaki saat bekleniyor: 21:00
2021-12-11 20:56 Siradaki saat bekleniyor: 21:00
2021-12-11 20:56 Siradaki saat bekleniyor: 21:00
2021-12-11 20:56 Siradaki saat bekleniyor: 21:00
2021-12-11 20:57 Siradaki saat bekleniyor: 21:00
2021-12-11 20:57 Siradaki saat bekleniyor: 21:00
2021-12-11 20:57 Siradaki saat bekleniyor: 21:00
2021-12-11 20:57 Siradaki saat bekleniyor: 21:00
2021-12-11 20:57 Siradaki saat bekleniyor: 21:00
2021-12-11 20:57 Siradaki saat bekleniyor: 21:00
2021-12-11 20:58 Siradaki saat bekleniyor: 21:00
2021-12-11 20:58 Siradaki saat bekleniyor: 21:00
2021-12-11 20:58 Siradaki saat bekleniyor: 21:00
2021-12-11 20:58 Siradaki saat bekleniyor: 21:00
2021-12-11 20:58 Siradaki saat bekleniyor: 21:00
2021-12-11 20:58 Siradaki saat bekleniyor: 21:00
2021-12-11 20:59 Siradaki saat bekleniyor: 21:00
2021-12-11 20:59 Siradaki saat bekleniyor: 21:00
2021-12-11 20:59 Siradaki saat bekleniyor: 21:00
2021-12-11 20:59 Siradaki saat bekleniyor: 21:00
2021-12-11 20:59 Siradaki saat bekleniyor: 21:00
2021-12-11 20:59 Siradaki saat bekleniyor: 21:00
2021-12-11 21:00 Saatler esit
2021-12-11 21:00 Saatler esit
2021-12-11 21:00 Dosyaya anlýk endex verisini kaydederken hata oluþtu.
2021-12-11 21:00 Dosyaya anlýk endex verisini kaydederken hata oluþtu.
2021-12-11 21:01 Bilinmeyen bir hata olustu. Veri girilemedi. Tekrar Deneniyor...
2021-12-11 21:01 Bilinmeyen bir hata olustu. Veri girilemedi. Tekrar Deneniyor...
